生成启动时间为 2014/8/5 20:38:05。
     1>项目“D:\ProjectDev\ChineseWordMark\ChineseWordMark\ChineseWordMark.vcxproj”在节点 2 上(build 个目标)。
     1>InitializeBuildStatus:
         正在创建“Debug\ChineseWordMark.unsuccessfulbuild”，因为已指定“AlwaysCreate”。
       ClCompile:
         D:\ProgramDT\VisualStudio2010\VC\bin\CL.exe /c /ZI /nologo /W3 /WX- /Od /Oy- /D WIN32 /D _DEBUG /D _CONSOLE /D _UNICODE /D UNICODE /Gm /EHsc /RTC1 /MDd /GS /fp:precise /Zc:wchar_t /Zc:forScope /Fo"Debug\\" /Fd"Debug\vc100.pdb" /Gd /TP /analyze- /errorReport:prompt CWMHMM.cpp
         CWMHMM.cpp
     1>d:\projectdev\chinesewordmark\chinesewordmark\cwmhmm.cpp : warning C4819: 该文件包含不能在当前代码页(936)中表示的字符。请将该文件保存为 Unicode 格式以防止数据丢失
     1>d:\projectdev\chinesewordmark\chinesewordmark\cwmhmm.h : warning C4819: 该文件包含不能在当前代码页(936)中表示的字符。请将该文件保存为 Unicode 格式以防止数据丢失
     1>d:\projectdev\chinesewordmark\chinesewordmark\splitmodel.h : warning C4819: 该文件包含不能在当前代码页(936)中表示的字符。请将该文件保存为 Unicode 格式以防止数据丢失
     1>d:\projectdev\chinesewordmark\chinesewordmark\wordsplit.h : warning C4819: 该文件包含不能在当前代码页(936)中表示的字符。请将该文件保存为 Unicode 格式以防止数据丢失
     1>d:\projectdev\chinesewordmark\chinesewordmark\hmmmodel.h : warning C4819: 该文件包含不能在当前代码页(936)中表示的字符。请将该文件保存为 Unicode 格式以防止数据丢失
       ManifestResourceCompile:
         所有输出均为最新。
       Link:
         D:\ProgramDT\VisualStudio2010\VC\bin\link.exe /ERRORREPORT:PROMPT /OUT:"D:\ProjectDev\ChineseWordMark\Debug\ChineseWordMark.exe" /INCREMENTAL /NOLOGO kernel32.lib user32.lib gdi32.lib winspool.lib comdlg32.lib advapi32.lib shell32.lib ole32.lib oleaut32.lib uuid.lib odbc32.lib odbccp32.lib /MANIFEST /ManifestFile:"Debug\ChineseWordMark.exe.intermediate.manifest" /MANIFESTUAC:"level='asInvoker' uiAccess='false'" /DEBUG /PDB:"D:\ProjectDev\ChineseWordMark\Debug\ChineseWordMark.pdb" /SUBSYSTEM:CONSOLE /TLBID:1 /DYNAMICBASE /NXCOMPAT /IMPLIB:"D:\ProjectDev\ChineseWordMark\Debug\ChineseWordMark.lib" /MACHINE:X86 Debug\ChineseWordMark.exe.embed.manifest.res
         Debug\ChineseWordMark.obj
         Debug\CWMHMM.obj
         Debug\HMMmodel.obj
         Debug\MarkMode.obj
         Debug\SplitModel.obj
         Debug\stdafx.obj
         Debug\WordMark.obj
         Debug\WordSplit.obj
       Manifest:
         C:\Program Files (x86)\Microsoft SDKs\Windows\v7.0A\bin\mt.exe /nologo /verbose /out:"Debug\ChineseWordMark.exe.embed.manifest" /manifest Debug\ChineseWordMark.exe.intermediate.manifest
         所有输出均为最新。
       LinkEmbedManifest:
         所有输出均为最新。
         ChineseWordMark.vcxproj -> D:\ProjectDev\ChineseWordMark\Debug\ChineseWordMark.exe
       FinalizeBuildStatus:
         正在删除文件“Debug\ChineseWordMark.unsuccessfulbuild”。
         正在对“Debug\ChineseWordMark.lastbuildstate”执行 Touch 任务。
     1>已完成生成项目“D:\ProjectDev\ChineseWordMark\ChineseWordMark\ChineseWordMark.vcxproj”(build 个目标)的操作。

生成成功。

已用时间 00:00:01.40
